{"uuid":"8bc0c331-93a6-4a56-b6ed-455b72ba9ccf","historyId":"49f3b1b79e4848d0f00921e2d7b63342","fullName":"src/test/resources/DS_Feature/Array.feature:30","labels":[{"name":"host","value":"DESKTOP-25LN50V"},{"name":"thread","value":"13320@DESKTOP-25LN50V.main(1)"},{"name":"feature","value":"Verifying the Array functionalities in the DS Algo app"},{"name":"story","value":"User checks the functionalities on the Arrays using list"},{"name":"suite","value":"Verifying the Array functionalities in the DS Algo app"},{"name":"testClass","value":"User checks the functionalities on the Arrays using list"},{"name":"framework","value":"cucumber4jvm"},{"name":"language","value":"java"},{"name":"gherkin_uri","value":"file:///D:/Rathna/Learning%20IT/DSAlgo_Project/src/test/resources/DS_Feature/Array.feature"},{"name":"package","value":"src.test.resources.DS_Feature.Array_feature.Verifying the Array functionalities in the DS Algo app"}],"links":[],"name":"User checks the functionalities on the Arrays using list","status":"broken","statusDetails":{"known":false,"muted":false,"flaky":false,"message":"Unable to find element with locator By.xpath: //div[2][@class = 'col']//a\nFor documentation on this error, please visit: https://www.selenium.dev/documentation/webdriver/troubleshooting/errors#no-such-element-exception\nBuild info: version: '4.16.1', revision: '9b4c83354e'\nSystem info: os.name: 'Windows 11', os.arch: 'amd64', os.version: '10.0', java.version: '17.0.7'\nDriver info: driver.version: RemoteWebDriver","trace":"org.openqa.selenium.NoSuchElementException: Unable to find element with locator By.xpath: //div[2][@class = 'col']//a\nFor documentation on this error, please visit: https://www.selenium.dev/documentation/webdriver/troubleshooting/errors#no-such-element-exception\nBuild info: version: '4.16.1', revision: '9b4c83354e'\nSystem info: os.name: 'Windows 11', os.arch: 'amd64', os.version: '10.0', java.version: '17.0.7'\nDriver info: driver.version: RemoteWebDriver\r\n\tat org.openqa.selenium.remote.ElementLocation$ElementFinder$2.findElement(ElementLocation.java:168)\r\n\tat org.openqa.selenium.remote.ElementLocation.findElement(ElementLocation.java:59)\r\n\tat org.openqa.selenium.remote.RemoteWebDriver.findElement(RemoteWebDriver.java:360)\r\n\tat org.openqa.selenium.remote.RemoteWebDriver.findElement(RemoteWebDriver.java:354)\r\n\tat org.openqa.selenium.support.pagefactory.DefaultElementLocator.findElement(DefaultElementLocator.java:68)\r\n\tat org.openqa.selenium.support.pagefactory.internal.LocatingElementHandler.invoke(LocatingElementHandler.java:38)\r\n\tat jdk.proxy2/jdk.proxy2.$Proxy26.click(Unknown Source)\r\n\tat pageFactory.DS_GetStartedPage.Array_Get_Started(DS_GetStartedPage.java:46)\r\n\tat stepdefinitions_DS.DS_Array_Steps.user_is_on_the_ds_algo_portal_and_click_on_the_get_started_button(DS_Array_Steps.java:30)\r\n\tat ✽.User is on the DS Algo portal and click on the get started button(file:///D:/Rathna/Learning%20IT/DSAlgo_Project/src/test/resources/DS_Feature/Array.feature:5)\r\n"},"stage":"finished","steps":[{"name":"Given  User is on the DS Algo portal and click on the get started button","status":"broken","statusDetails":{"known":false,"muted":false,"flaky":false,"message":"Unable to find element with locator By.xpath: //div[2][@class = 'col']//a\nFor documentation on this error, please visit: https://www.selenium.dev/documentation/webdriver/troubleshooting/errors#no-such-element-exception\nBuild info: version: '4.16.1', revision: '9b4c83354e'\nSystem info: os.name: 'Windows 11', os.arch: 'amd64', os.version: '10.0', java.version: '17.0.7'\nDriver info: driver.version: RemoteWebDriver","trace":"org.openqa.selenium.NoSuchElementException: Unable to find element with locator By.xpath: //div[2][@class = 'col']//a\nFor documentation on this error, please visit: https://www.selenium.dev/documentation/webdriver/troubleshooting/errors#no-such-element-exception\nBuild info: version: '4.16.1', revision: '9b4c83354e'\nSystem info: os.name: 'Windows 11', os.arch: 'amd64', os.version: '10.0', java.version: '17.0.7'\nDriver info: driver.version: RemoteWebDriver\r\n\tat org.openqa.selenium.remote.ElementLocation$ElementFinder$2.findElement(ElementLocation.java:168)\r\n\tat org.openqa.selenium.remote.ElementLocation.findElement(ElementLocation.java:59)\r\n\tat org.openqa.selenium.remote.RemoteWebDriver.findElement(RemoteWebDriver.java:360)\r\n\tat org.openqa.selenium.remote.RemoteWebDriver.findElement(RemoteWebDriver.java:354)\r\n\tat org.openqa.selenium.support.pagefactory.DefaultElementLocator.findElement(DefaultElementLocator.java:68)\r\n\tat org.openqa.selenium.support.pagefactory.internal.LocatingElementHandler.invoke(LocatingElementHandler.java:38)\r\n\tat jdk.proxy2/jdk.proxy2.$Proxy26.click(Unknown Source)\r\n\tat pageFactory.DS_GetStartedPage.Array_Get_Started(DS_GetStartedPage.java:46)\r\n\tat stepdefinitions_DS.DS_Array_Steps.user_is_on_the_ds_algo_portal_and_click_on_the_get_started_button(DS_Array_Steps.java:30)\r\n\tat ✽.User is on the DS Algo portal and click on the get started button(file:///D:/Rathna/Learning%20IT/DSAlgo_Project/src/test/resources/DS_Feature/Array.feature:5)\r\n"},"stage":"finished","steps":[],"attachments":[],"parameters":[],"start":1705978627470,"stop":1705978627982},{"name":"Then  User clicks on the sign in link","status":"skipped","statusDetails":{"known":false,"muted":false,"flaky":false},"stage":"finished","steps":[],"attachments":[],"parameters":[],"start":1705978627987,"stop":1705978627987},{"name":"When  User is on the login page, user enters the valid email id and password","status":"skipped","statusDetails":{"known":false,"muted":false,"flaky":false},"stage":"finished","steps":[],"attachments":[],"parameters":[],"start":1705978627987,"stop":1705978627987},{"name":"Then  In the home page user clicks the get started button of Array","status":"skipped","statusDetails":{"known":false,"muted":false,"flaky":false},"stage":"finished","steps":[],"attachments":[],"parameters":[],"start":1705978627987,"stop":1705978627987},{"name":"When  User clicks on the Arrays using list link","status":"skipped","statusDetails":{"known":false,"muted":false,"flaky":false},"stage":"finished","steps":[],"attachments":[],"parameters":[],"start":1705978627987,"stop":1705978627987},{"name":"Then  User navigates to the try editor page","status":"skipped","statusDetails":{"known":false,"muted":false,"flaky":false},"stage":"finished","steps":[],"attachments":[],"parameters":[],"start":1705978627995,"stop":1705978627995},{"name":"And  The User enter the valid python code in the tryeditor from sheet \"Data\" and rownumber 3","status":"skipped","statusDetails":{"known":false,"muted":false,"flaky":false},"stage":"finished","steps":[],"attachments":[],"parameters":[],"start":1705978627995,"stop":1705978627995},{"name":"And  User should get the correct output","status":"skipped","statusDetails":{"known":false,"muted":false,"flaky":false},"stage":"finished","steps":[],"attachments":[],"parameters":[],"start":1705978627998,"stop":1705978627998}],"attachments":[],"parameters":[{"name":"sheetname","value":"Data"},{"name":"rownum","value":"3"}],"start":1705978625592,"stop":1705978628123}