{"uuid":"b3fa0465-7b26-4e24-a1ca-2337f0cac14c","historyId":"9de599734f391b2396f06415d56b648e","fullName":"src/test/resources/DS_Feature/Array.feature:19","labels":[{"name":"host","value":"DESKTOP-25LN50V"},{"name":"thread","value":"11812@DESKTOP-25LN50V.main(1)"},{"name":"feature","value":"Verifying the Array functionalities in the DS Algo app"},{"name":"story","value":"User checks functionalities of the Arrays in Python"},{"name":"suite","value":"Verifying the Array functionalities in the DS Algo app"},{"name":"testClass","value":"User checks functionalities of the Arrays in Python"},{"name":"framework","value":"cucumber4jvm"},{"name":"language","value":"java"},{"name":"gherkin_uri","value":"file:///D:/Rathna/Learning%20IT/DSAlgo_Project/src/test/resources/DS_Feature/Array.feature"},{"name":"package","value":"src.test.resources.DS_Feature.Array_feature.Verifying the Array functionalities in the DS Algo app"}],"links":[],"name":"User checks functionalities of the Arrays in Python","status":"broken","statusDetails":{"known":false,"muted":false,"flaky":false,"message":"Unable to find element with locator By.id: id_password\nFor documentation on this error, please visit: https://www.selenium.dev/documentation/webdriver/troubleshooting/errors#no-such-element-exception\nBuild info: version: '4.16.1', revision: '9b4c83354e'\nSystem info: os.name: 'Windows 11', os.arch: 'amd64', os.version: '10.0', java.version: '17.0.7'\nDriver info: driver.version: RemoteWebDriver","trace":"org.openqa.selenium.NoSuchElementException: Unable to find element with locator By.id: id_password\nFor documentation on this error, please visit: https://www.selenium.dev/documentation/webdriver/troubleshooting/errors#no-such-element-exception\nBuild info: version: '4.16.1', revision: '9b4c83354e'\nSystem info: os.name: 'Windows 11', os.arch: 'amd64', os.version: '10.0', java.version: '17.0.7'\nDriver info: driver.version: RemoteWebDriver\r\n\tat org.openqa.selenium.remote.ElementLocation$ElementFinder$2.findElement(ElementLocation.java:168)\r\n\tat org.openqa.selenium.remote.ElementLocation.findElement(ElementLocation.java:59)\r\n\tat org.openqa.selenium.remote.RemoteWebDriver.findElement(RemoteWebDriver.java:360)\r\n\tat org.openqa.selenium.remote.RemoteWebDriver.findElement(RemoteWebDriver.java:354)\r\n\tat org.openqa.selenium.support.pagefactory.DefaultElementLocator.findElement(DefaultElementLocator.java:68)\r\n\tat org.openqa.selenium.support.pagefactory.internal.LocatingElementHandler.invoke(LocatingElementHandler.java:38)\r\n\tat jdk.proxy2/jdk.proxy2.$Proxy23.sendKeys(Unknown Source)\r\n\tat pageFactory.DS_LoginPage.Login(DS_LoginPage.java:60)\r\n\tat stepdefinitions_DS.DS_Array_Steps.user_is_on_the_login_page_user_enters_the_valid_email_id_and_password(DS_Array_Steps.java:43)\r\n\tat ✽.User is on the login page, user enters the valid email id and password(file:///D:/Rathna/Learning%20IT/DSAlgo_Project/src/test/resources/DS_Feature/Array.feature:7)\r\n"},"stage":"finished","steps":[{"name":"Given  User is on the DS Algo portal and click on the get started button","status":"passed","statusDetails":{"known":false,"muted":false,"flaky":false},"stage":"finished","steps":[],"attachments":[],"parameters":[],"start":1705979443496,"stop":1705979444486},{"name":"Then  User clicks on the sign in link","status":"passed","statusDetails":{"known":false,"muted":false,"flaky":false},"stage":"finished","steps":[],"attachments":[],"parameters":[],"start":1705979444486,"stop":1705979444722},{"name":"When  User is on the login page, user enters the valid email id and password","status":"broken","statusDetails":{"known":false,"muted":false,"flaky":false,"message":"Unable to find element with locator By.id: id_password\nFor documentation on this error, please visit: https://www.selenium.dev/documentation/webdriver/troubleshooting/errors#no-such-element-exception\nBuild info: version: '4.16.1', revision: '9b4c83354e'\nSystem info: os.name: 'Windows 11', os.arch: 'amd64', os.version: '10.0', java.version: '17.0.7'\nDriver info: driver.version: RemoteWebDriver","trace":"org.openqa.selenium.NoSuchElementException: Unable to find element with locator By.id: id_password\nFor documentation on this error, please visit: https://www.selenium.dev/documentation/webdriver/troubleshooting/errors#no-such-element-exception\nBuild info: version: '4.16.1', revision: '9b4c83354e'\nSystem info: os.name: 'Windows 11', os.arch: 'amd64', os.version: '10.0', java.version: '17.0.7'\nDriver info: driver.version: RemoteWebDriver\r\n\tat org.openqa.selenium.remote.ElementLocation$ElementFinder$2.findElement(ElementLocation.java:168)\r\n\tat org.openqa.selenium.remote.ElementLocation.findElement(ElementLocation.java:59)\r\n\tat org.openqa.selenium.remote.RemoteWebDriver.findElement(RemoteWebDriver.java:360)\r\n\tat org.openqa.selenium.remote.RemoteWebDriver.findElement(RemoteWebDriver.java:354)\r\n\tat org.openqa.selenium.support.pagefactory.DefaultElementLocator.findElement(DefaultElementLocator.java:68)\r\n\tat org.openqa.selenium.support.pagefactory.internal.LocatingElementHandler.invoke(LocatingElementHandler.java:38)\r\n\tat jdk.proxy2/jdk.proxy2.$Proxy23.sendKeys(Unknown Source)\r\n\tat pageFactory.DS_LoginPage.Login(DS_LoginPage.java:60)\r\n\tat stepdefinitions_DS.DS_Array_Steps.user_is_on_the_login_page_user_enters_the_valid_email_id_and_password(DS_Array_Steps.java:43)\r\n\tat ✽.User is on the login page, user enters the valid email id and password(file:///D:/Rathna/Learning%20IT/DSAlgo_Project/src/test/resources/DS_Feature/Array.feature:7)\r\n"},"stage":"finished","steps":[],"attachments":[],"parameters":[],"start":1705979444722,"stop":1705979444881},{"name":"Then  In the home page user clicks the get started button of Array","status":"skipped","statusDetails":{"known":false,"muted":false,"flaky":false},"stage":"finished","steps":[],"attachments":[],"parameters":[],"start":1705979444884,"stop":1705979444884},{"name":"When  User clicks on the Arrays in Python link","status":"skipped","statusDetails":{"known":false,"muted":false,"flaky":false},"stage":"finished","steps":[],"attachments":[],"parameters":[],"start":1705979444885,"stop":1705979444885},{"name":"Then  User navigates to the try editor page","status":"skipped","statusDetails":{"known":false,"muted":false,"flaky":false},"stage":"finished","steps":[],"attachments":[],"parameters":[],"start":1705979444886,"stop":1705979444886},{"name":"And  User enter the valid python code in the tryeditor from sheet \"Data\" and rownumber 2","status":"skipped","statusDetails":{"known":false,"muted":false,"flaky":false},"stage":"finished","steps":[],"attachments":[],"parameters":[],"start":1705979444889,"stop":1705979444890},{"name":"Then  User should get the correct output","status":"skipped","statusDetails":{"known":false,"muted":false,"flaky":false},"stage":"finished","steps":[],"attachments":[],"parameters":[],"start":1705979444890,"stop":1705979444891}],"attachments":[],"parameters":[{"name":"sheetname","value":"Data"},{"name":"rownum","value":"2"}],"start":1705979441134,"stop":1705979445011}